2026-02-03 17:30:51,444 - INFO - (206529, 9)
2026-02-03 17:30:55,595 - INFO - (224489, 9)
2026-02-03 17:31:06,280 - INFO - (2372474, 16)
2026-02-03 17:32:19,021 - INFO - (12261, 9)
2026-02-03 17:32:47,575 - INFO - (12825363, 14)
2026-02-03 17:50:08,570 - INFO - (206529, 9)
2026-02-03 17:50:15,504 - INFO - (224489, 9)
2026-02-03 17:50:37,358 - INFO - (2372474, 16)
2026-02-03 17:52:58,590 - INFO - (12261, 9)
2026-02-03 17:53:56,382 - INFO - (12825363, 14)
2026-02-03 18:06:25,136 - ERROR - No such comm target registered: jupyter.widget.control
2026-02-03 18:06:25,153 - WARNING - No such comm: 12f06219-424e-4bed-a275-5321f0556ef5
2026-02-03 18:06:25,155 - DEBUG - Current comms: []
2026-02-03 18:06:33,485 - ERROR - No such comm target registered: jupyter.widget.control
2026-02-03 18:06:33,496 - WARNING - No such comm: aabea3d3-4a22-40d3-8550-3deb42372c30
2026-02-03 18:06:33,496 - DEBUG - Current comms: []
2026-02-03 18:21:06,597 - ERROR - No such comm target registered: jupyter.widget.control
2026-02-03 18:21:06,605 - WARNING - No such comm: 8567108f-5461-445f-9e15-3e8954677d47
2026-02-03 18:21:06,606 - DEBUG - Current comms: []
2026-02-03 18:25:30,020 - INFO - Ingesting begin_inventory.csv in db
2026-02-03 18:25:37,851 - INFO - Ingesting end_inventory.csv in db
2026-02-03 18:25:58,613 - INFO - Ingesting purchases.csv in db
2026-02-03 18:28:39,041 - INFO - Ingesting begin_inventory.csv in db
2026-02-03 18:28:46,769 - INFO - Ingesting end_inventory.csv in db
2026-02-03 18:30:19,794 - INFO - Ingesting purchases.csv in db
2026-02-03 18:32:33,179 - INFO - Ingesting purchase_prices.csv in db
2026-02-03 18:33:30,297 - INFO - Ingesting sales.csv in db
2026-02-03 18:43:24,304 - INFO - (206529, 9)
2026-02-03 18:43:31,632 - INFO - (224489, 9)
2026-02-03 18:43:53,906 - INFO - (2372474, 16)
2026-02-03 18:44:58,145 - INFO - (206529, 9)
2026-02-03 18:52:25,730 - ERROR - No such comm target registered: jupyter.widget.control
2026-02-03 18:52:25,740 - WARNING - No such comm: 14580663-0455-4917-8111-fa1b3dce5b2f
2026-02-03 18:52:25,740 - DEBUG - Current comms: []
2026-02-03 18:52:34,357 - ERROR - No such comm target registered: jupyter.widget.control
2026-02-03 18:52:34,365 - WARNING - No such comm: 913e026c-335d-4ded-8a10-14d092a5c088
2026-02-03 18:52:34,365 - DEBUG - Current comms: []
2026-02-03 18:52:38,036 - INFO - (206529, 9)
2026-02-03 18:53:56,790 - INFO - (224489, 9)
2026-02-03 18:54:18,313 - INFO - (2372474, 16)
2026-02-03 18:56:27,823 - INFO - (12261, 9)
2026-02-03 18:57:21,733 - INFO - (12825363, 14)
2026-02-03 19:08:33,628 - ERROR - No such comm target registered: jupyter.widget.control
2026-02-03 19:08:33,642 - WARNING - No such comm: e682b957-7e6c-466a-8b09-b7439ffb8f00
2026-02-03 19:08:33,643 - DEBUG - Current comms: []
2026-02-03 19:09:03,415 - INFO - (206529, 9)
2026-02-03 19:09:09,726 - INFO - (224489, 9)
2026-02-03 19:09:29,725 - INFO - (2372474, 16)
2026-02-03 19:11:00,889 - INFO - (12261, 9)
2026-02-03 19:43:07,630 - INFO - (206529, 9)
2026-02-03 19:43:12,983 - INFO - (224489, 9)
2026-02-03 19:43:25,297 - INFO - (2372474, 16)
2026-02-03 19:44:39,505 - INFO - (12261, 9)
2026-02-03 19:45:10,425 - INFO - (12825363, 14)
